[2016-10-10 16:12:54]	Error read file
[2016-10-10 16:12:54]	C:\Users\jia\Desktop\corpus.txt
[2016-10-10 16:15:31]	Error read file
[2016-10-10 16:15:31]	C:\Users\jia\Desktop\corpus.txt
[2016-10-10 17:01:01]	Failed Open file Failed Open file 
[2016-10-10 17:01:01]	Error read file
[2016-10-10 17:01:01]	dict/user_dict.txt
[2016-10-10 17:01:01]	Failed Open file Failed Open file 
[2016-10-10 17:01:01]	open file failed with
[2016-10-10 17:01:01]	test/source.txt
[2016-10-10 17:01:01]	Error read file
[2016-10-10 17:01:01]	C:\Users\jia\Desktop\corpus.txt
[2016-10-10 17:01:01]	Failed Open file À—
[2016-10-10 20:32:05]	Failed Open file Failed Open file 
[2016-10-10 20:32:05]	Error read file
[2016-10-10 20:32:05]	dict/user_dict.txt
[2016-10-10 20:32:06]	Failed Open file Failed Open file 
[2016-10-10 20:32:06]	open file failed with
[2016-10-10 20:32:06]	test/source.txt
[2016-10-10 20:32:06]	Error read file
[2016-10-10 20:32:06]	C:\Users\jia\Desktop\corpus.txt
[2016-10-10 20:32:06]	Failed Open file €›;
